---------------------------------------------------------------
[ 2019-01-17T17:22:07+08:00 ] 127.0.0.1 GET www.yanglaoya.com/
[运行时间：1.942755s] [吞吐率：0.51req/s] [内存消耗：1,662.27kb] [文件加载：74]
[ info ] [ LANG ] D:\phpStudy\WWW\yanglaoya\thinkphp\lang\zh-cn.php
[ info ] [ BIND ] 'api'
[ info ] [ ROUTE ] array (
  'rule' => '',
  'route' => 'index/Error/index',
  'option' => 
  array (
    'merge_rule_regex' => false,
  ),
  'var' => 
  array (
  ),
)
[ info ] [ HEADER ] array (
  'upgrade-insecure-requests' => '1',
  'connection' => 'keep-alive',
  'dnt' => '1',
  'accept-encoding' => 'gzip, deflate',
  'accept-language' => 'zh-CN,zh;q=0.8,zh-TW;q=0.7,zh-HK;q=0.5,en-US;q=0.3,en;q=0.2',
  'accept' => 'text/html,application/xhtml+xml,application/xml;q=0.9,*/*;q=0.8',
  'user-agent' => 'Mozilla/5.0 (Windows NT 10.0; Win64; x64; rv:64.0) Gecko/20100101 Firefox/64.0',
  'host' => 'www.yanglaoya.com',
  'content-length' => '',
  'content-type' => '',
)
[ info ] [ PARAM ] array (
)
[ error ] [1]Class 'app\api\controller\Apibase' not found[D:\phpStudy\WWW\yanglaoya\application\index\controller\Error.php:9]
---------------------------------------------------------------
[ 2019-01-17T17:23:14+08:00 ] 127.0.0.1 GET www.yanglaoya.com/
[运行时间：0.074580s] [吞吐率：13.41req/s] [内存消耗：1,662.45kb] [文件加载：74]
[ info ] [ LANG ] D:\phpStudy\WWW\yanglaoya\thinkphp\lang\zh-cn.php
[ info ] [ BIND ] 'api'
[ info ] [ ROUTE ] array (
  'rule' => '',
  'route' => 'index/Error/index',
  'option' => 
  array (
    'merge_rule_regex' => false,
  ),
  'var' => 
  array (
  ),
)
[ info ] [ HEADER ] array (
  'cache-control' => 'max-age=0',
  'upgrade-insecure-requests' => '1',
  'connection' => 'keep-alive',
  'dnt' => '1',
  'accept-encoding' => 'gzip, deflate',
  'accept-language' => 'zh-CN,zh;q=0.8,zh-TW;q=0.7,zh-HK;q=0.5,en-US;q=0.3,en;q=0.2',
  'accept' => 'text/html,application/xhtml+xml,application/xml;q=0.9,*/*;q=0.8',
  'user-agent' => 'Mozilla/5.0 (Windows NT 10.0; Win64; x64; rv:64.0) Gecko/20100101 Firefox/64.0',
  'host' => 'www.yanglaoya.com',
  'content-length' => '',
  'content-type' => '',
)
[ info ] [ PARAM ] array (
)
[ error ] [1]Class 'app\api\controller\Apibase' not found[D:\phpStudy\WWW\yanglaoya\application\index\controller\Error.php:9]
---------------------------------------------------------------
[ 2019-01-17T17:23:37+08:00 ] 127.0.0.1 GET www.yanglaoya.com/
[运行时间：0.033166s] [吞吐率：30.15req/s] [内存消耗：1,662.45kb] [文件加载：74]
[ info ] [ LANG ] D:\phpStudy\WWW\yanglaoya\thinkphp\lang\zh-cn.php
[ info ] [ BIND ] 'api'
[ info ] [ ROUTE ] array (
  'rule' => '',
  'route' => 'index/Error/index',
  'option' => 
  array (
    'merge_rule_regex' => false,
  ),
  'var' => 
  array (
  ),
)
[ info ] [ HEADER ] array (
  'cache-control' => 'max-age=0',
  'upgrade-insecure-requests' => '1',
  'connection' => 'keep-alive',
  'dnt' => '1',
  'accept-encoding' => 'gzip, deflate',
  'accept-language' => 'zh-CN,zh;q=0.8,zh-TW;q=0.7,zh-HK;q=0.5,en-US;q=0.3,en;q=0.2',
  'accept' => 'text/html,application/xhtml+xml,application/xml;q=0.9,*/*;q=0.8',
  'user-agent' => 'Mozilla/5.0 (Windows NT 10.0; Win64; x64; rv:64.0) Gecko/20100101 Firefox/64.0',
  'host' => 'www.yanglaoya.com',
  'content-length' => '',
  'content-type' => '',
)
[ info ] [ PARAM ] array (
)
[ error ] [1]Class 'app\api\controller\Apibase' not found[D:\phpStudy\WWW\yanglaoya\application\index\controller\Error.php:9]
---------------------------------------------------------------
[ 2019-01-17T17:25:03+08:00 ] 127.0.0.1 GET www.yanglaoya.com/
[运行时间：0.054807s] [吞吐率：18.25req/s] [内存消耗：1,662.45kb] [文件加载：74]
[ info ] [ LANG ] D:\phpStudy\WWW\yanglaoya\thinkphp\lang\zh-cn.php
[ info ] [ BIND ] 'api'
[ info ] [ ROUTE ] array (
  'rule' => '',
  'route' => 'index/Error/index',
  'option' => 
  array (
    'merge_rule_regex' => false,
  ),
  'var' => 
  array (
  ),
)
[ info ] [ HEADER ] array (
  'cache-control' => 'max-age=0',
  'upgrade-insecure-requests' => '1',
  'connection' => 'keep-alive',
  'dnt' => '1',
  'accept-encoding' => 'gzip, deflate',
  'accept-language' => 'zh-CN,zh;q=0.8,zh-TW;q=0.7,zh-HK;q=0.5,en-US;q=0.3,en;q=0.2',
  'accept' => 'text/html,application/xhtml+xml,application/xml;q=0.9,*/*;q=0.8',
  'user-agent' => 'Mozilla/5.0 (Windows NT 10.0; Win64; x64; rv:64.0) Gecko/20100101 Firefox/64.0',
  'host' => 'www.yanglaoya.com',
  'content-length' => '',
  'content-type' => '',
)
[ info ] [ PARAM ] array (
)
[ error ] [1]Class 'app\api\controller\Apibase' not found[D:\phpStudy\WWW\yanglaoya\application\index\controller\Error.php:9]
---------------------------------------------------------------
[ 2019-01-17T17:25:04+08:00 ] 127.0.0.1 GET www.yanglaoya.com/
[运行时间：0.032939s] [吞吐率：30.36req/s] [内存消耗：1,662.45kb] [文件加载：74]
[ info ] [ LANG ] D:\phpStudy\WWW\yanglaoya\thinkphp\lang\zh-cn.php
[ info ] [ BIND ] 'api'
[ info ] [ ROUTE ] array (
  'rule' => '',
  'route' => 'index/Error/index',
  'option' => 
  array (
    'merge_rule_regex' => false,
  ),
  'var' => 
  array (
  ),
)
[ info ] [ HEADER ] array (
  'cache-control' => 'max-age=0',
  'upgrade-insecure-requests' => '1',
  'connection' => 'keep-alive',
  'dnt' => '1',
  'accept-encoding' => 'gzip, deflate',
  'accept-language' => 'zh-CN,zh;q=0.8,zh-TW;q=0.7,zh-HK;q=0.5,en-US;q=0.3,en;q=0.2',
  'accept' => 'text/html,application/xhtml+xml,application/xml;q=0.9,*/*;q=0.8',
  'user-agent' => 'Mozilla/5.0 (Windows NT 10.0; Win64; x64; rv:64.0) Gecko/20100101 Firefox/64.0',
  'host' => 'www.yanglaoya.com',
  'content-length' => '',
  'content-type' => '',
)
[ info ] [ PARAM ] array (
)
[ error ] [1]Class 'app\api\controller\Apibase' not found[D:\phpStudy\WWW\yanglaoya\application\index\controller\Error.php:9]
---------------------------------------------------------------
[ 2019-01-17T17:26:27+08:00 ] 127.0.0.1 GET www.yanglaoya.com/
[运行时间：0.043723s] [吞吐率：22.87req/s] [内存消耗：1,662.45kb] [文件加载：74]
[ info ] [ LANG ] D:\phpStudy\WWW\yanglaoya\thinkphp\lang\zh-cn.php
[ info ] [ BIND ] 'api'
[ info ] [ ROUTE ] array (
  'rule' => '',
  'route' => 'index/Error/index',
  'option' => 
  array (
    'merge_rule_regex' => false,
  ),
  'var' => 
  array (
  ),
)
[ info ] [ HEADER ] array (
  'cache-control' => 'max-age=0',
  'upgrade-insecure-requests' => '1',
  'connection' => 'keep-alive',
  'dnt' => '1',
  'accept-encoding' => 'gzip, deflate',
  'accept-language' => 'zh-CN,zh;q=0.8,zh-TW;q=0.7,zh-HK;q=0.5,en-US;q=0.3,en;q=0.2',
  'accept' => 'text/html,application/xhtml+xml,application/xml;q=0.9,*/*;q=0.8',
  'user-agent' => 'Mozilla/5.0 (Windows NT 10.0; Win64; x64; rv:64.0) Gecko/20100101 Firefox/64.0',
  'host' => 'www.yanglaoya.com',
  'content-length' => '',
  'content-type' => '',
)
[ info ] [ PARAM ] array (
)
[ error ] [1]Class 'app\api\controller\Apibase' not found[D:\phpStudy\WWW\yanglaoya\application\index\controller\Error.php:9]
---------------------------------------------------------------
[ 2019-01-17T17:26:54+08:00 ] 127.0.0.1 GET www.yanglaoya.com/
[运行时间：0.034878s] [吞吐率：28.67req/s] [内存消耗：1,662.45kb] [文件加载：74]
[ info ] [ LANG ] D:\phpStudy\WWW\yanglaoya\thinkphp\lang\zh-cn.php
[ info ] [ BIND ] 'api'
[ info ] [ ROUTE ] array (
  'rule' => '',
  'route' => 'index/Error/index',
  'option' => 
  array (
    'merge_rule_regex' => false,
  ),
  'var' => 
  array (
  ),
)
[ info ] [ HEADER ] array (
  'cache-control' => 'max-age=0',
  'upgrade-insecure-requests' => '1',
  'connection' => 'keep-alive',
  'dnt' => '1',
  'accept-encoding' => 'gzip, deflate',
  'accept-language' => 'zh-CN,zh;q=0.8,zh-TW;q=0.7,zh-HK;q=0.5,en-US;q=0.3,en;q=0.2',
  'accept' => 'text/html,application/xhtml+xml,application/xml;q=0.9,*/*;q=0.8',
  'user-agent' => 'Mozilla/5.0 (Windows NT 10.0; Win64; x64; rv:64.0) Gecko/20100101 Firefox/64.0',
  'host' => 'www.yanglaoya.com',
  'content-length' => '',
  'content-type' => '',
)
[ info ] [ PARAM ] array (
)
[ error ] [1]Class 'app\api\controller\Apibase' not found[D:\phpStudy\WWW\yanglaoya\application\index\controller\Error.php:9]
---------------------------------------------------------------
[ 2019-01-17T17:26:55+08:00 ] 127.0.0.1 GET www.yanglaoya.com/
[运行时间：0.045529s] [吞吐率：21.96req/s] [内存消耗：1,662.45kb] [文件加载：74]
[ info ] [ LANG ] D:\phpStudy\WWW\yanglaoya\thinkphp\lang\zh-cn.php
[ info ] [ BIND ] 'api'
[ info ] [ ROUTE ] array (
  'rule' => '',
  'route' => 'index/Error/index',
  'option' => 
  array (
    'merge_rule_regex' => false,
  ),
  'var' => 
  array (
  ),
)
[ info ] [ HEADER ] array (
  'cache-control' => 'max-age=0',
  'upgrade-insecure-requests' => '1',
  'connection' => 'keep-alive',
  'dnt' => '1',
  'accept-encoding' => 'gzip, deflate',
  'accept-language' => 'zh-CN,zh;q=0.8,zh-TW;q=0.7,zh-HK;q=0.5,en-US;q=0.3,en;q=0.2',
  'accept' => 'text/html,application/xhtml+xml,application/xml;q=0.9,*/*;q=0.8',
  'user-agent' => 'Mozilla/5.0 (Windows NT 10.0; Win64; x64; rv:64.0) Gecko/20100101 Firefox/64.0',
  'host' => 'www.yanglaoya.com',
  'content-length' => '',
  'content-type' => '',
)
[ info ] [ PARAM ] array (
)
[ error ] [1]Class 'app\api\controller\Apibase' not found[D:\phpStudy\WWW\yanglaoya\application\index\controller\Error.php:9]
---------------------------------------------------------------
[ 2019-01-17T17:27:20+08:00 ] 127.0.0.1 GET www.yanglaoya.com/
[运行时间：0.237439s] [吞吐率：4.21req/s] [内存消耗：1,693.61kb] [文件加载：74]
[ info ] [ LANG ] D:\phpStudy\WWW\yanglaoya\thinkphp\lang\zh-cn.php
[ info ] [ BIND ] 'api'
[ info ] [ ROUTE ] array (
  'rule' => '',
  'route' => 'index/Error/index',
  'option' => 
  array (
    'merge_rule_regex' => false,
  ),
  'var' => 
  array (
  ),
)
[ info ] [ HEADER ] array (
  'cache-control' => 'max-age=0',
  'upgrade-insecure-requests' => '1',
  'connection' => 'keep-alive',
  'dnt' => '1',
  'accept-encoding' => 'gzip, deflate',
  'accept-language' => 'zh-CN,zh;q=0.8,zh-TW;q=0.7,zh-HK;q=0.5,en-US;q=0.3,en;q=0.2',
  'accept' => 'text/html,application/xhtml+xml,application/xml;q=0.9,*/*;q=0.8',
  'user-agent' => 'Mozilla/5.0 (Windows NT 10.0; Win64; x64; rv:64.0) Gecko/20100101 Firefox/64.0',
  'host' => 'www.yanglaoya.com',
  'content-length' => '',
  'content-type' => '',
)
[ info ] [ PARAM ] array (
)
---------------------------------------------------------------
[ 2019-01-17T17:28:02+08:00 ] 127.0.0.1 GET www.yanglaoya.com/
[运行时间：0.071803s] [吞吐率：13.93req/s] [内存消耗：1,693.50kb] [文件加载：74]
[ info ] [ LANG ] D:\phpStudy\WWW\yanglaoya\thinkphp\lang\zh-cn.php
[ info ] [ BIND ] 'api'
[ info ] [ ROUTE ] array (
  'rule' => '',
  'route' => 'index/Error/index',
  'option' => 
  array (
    'merge_rule_regex' => false,
  ),
  'var' => 
  array (
  ),
)
[ info ] [ HEADER ] array (
  'upgrade-insecure-requests' => '1',
  'cookie' => 'PHPSESSID=o8tgj65s4cjppvburqm7ueu9j7',
  'connection' => 'keep-alive',
  'dnt' => '1',
  'accept-encoding' => 'gzip, deflate',
  'accept-language' => 'zh-CN,zh;q=0.8,zh-TW;q=0.7,zh-HK;q=0.5,en-US;q=0.3,en;q=0.2',
  'accept' => 'text/html,application/xhtml+xml,application/xml;q=0.9,*/*;q=0.8',
  'user-agent' => 'Mozilla/5.0 (Windows NT 10.0; Win64; x64; rv:64.0) Gecko/20100101 Firefox/64.0',
  'host' => 'www.yanglaoya.com',
  'content-length' => '',
  'content-type' => '',
)
[ info ] [ PARAM ] array (
)
---------------------------------------------------------------
[ 2019-01-17T17:28:17+08:00 ] 127.0.0.1 GET www.yanglaoya.com/
[运行时间：0.045306s] [吞吐率：22.07req/s] [内存消耗：1,693.58kb] [文件加载：74]
[ info ] [ LANG ] D:\phpStudy\WWW\yanglaoya\thinkphp\lang\zh-cn.php
[ info ] [ BIND ] 'api'
[ info ] [ ROUTE ] array (
  'rule' => '',
  'route' => 'index/Error/index',
  'option' => 
  array (
    'merge_rule_regex' => false,
  ),
  'var' => 
  array (
  ),
)
[ info ] [ HEADER ] array (
  'cache-control' => 'max-age=0',
  'upgrade-insecure-requests' => '1',
  'cookie' => 'PHPSESSID=o8tgj65s4cjppvburqm7ueu9j7',
  'connection' => 'keep-alive',
  'dnt' => '1',
  'accept-encoding' => 'gzip, deflate',
  'accept-language' => 'zh-CN,zh;q=0.8,zh-TW;q=0.7,zh-HK;q=0.5,en-US;q=0.3,en;q=0.2',
  'accept' => 'text/html,application/xhtml+xml,application/xml;q=0.9,*/*;q=0.8',
  'user-agent' => 'Mozilla/5.0 (Windows NT 10.0; Win64; x64; rv:64.0) Gecko/20100101 Firefox/64.0',
  'host' => 'www.yanglaoya.com',
  'content-length' => '',
  'content-type' => '',
)
[ info ] [ PARAM ] array (
)
---------------------------------------------------------------
[ 2019-01-17T17:28:48+08:00 ] 127.0.0.1 GET www.yanglaoya.com/
[运行时间：0.044779s] [吞吐率：22.33req/s] [内存消耗：1,693.12kb] [文件加载：74]
[ info ] [ LANG ] D:\phpStudy\WWW\yanglaoya\thinkphp\lang\zh-cn.php
[ info ] [ BIND ] 'index'
[ info ] [ ROUTE ] array (
  'rule' => '',
  'route' => 'index/Error/index',
  'option' => 
  array (
    'merge_rule_regex' => false,
  ),
  'var' => 
  array (
  ),
)
[ info ] [ HEADER ] array (
  'cache-control' => 'max-age=0',
  'upgrade-insecure-requests' => '1',
  'cookie' => 'PHPSESSID=o8tgj65s4cjppvburqm7ueu9j7',
  'connection' => 'keep-alive',
  'dnt' => '1',
  'accept-encoding' => 'gzip, deflate',
  'accept-language' => 'zh-CN,zh;q=0.8,zh-TW;q=0.7,zh-HK;q=0.5,en-US;q=0.3,en;q=0.2',
  'accept' => 'text/html,application/xhtml+xml,application/xml;q=0.9,*/*;q=0.8',
  'user-agent' => 'Mozilla/5.0 (Windows NT 10.0; Win64; x64; rv:64.0) Gecko/20100101 Firefox/64.0',
  'host' => 'www.yanglaoya.com',
  'content-length' => '',
  'content-type' => '',
)
[ info ] [ PARAM ] array (
)
---------------------------------------------------------------
[ 2019-01-17T17:28:49+08:00 ] 127.0.0.1 GET www.yanglaoya.com/
[运行时间：0.046277s] [吞吐率：21.61req/s] [内存消耗：1,693.12kb] [文件加载：74]
[ info ] [ LANG ] D:\phpStudy\WWW\yanglaoya\thinkphp\lang\zh-cn.php
[ info ] [ BIND ] 'index'
[ info ] [ ROUTE ] array (
  'rule' => '',
  'route' => 'index/Error/index',
  'option' => 
  array (
    'merge_rule_regex' => false,
  ),
  'var' => 
  array (
  ),
)
[ info ] [ HEADER ] array (
  'cache-control' => 'max-age=0',
  'upgrade-insecure-requests' => '1',
  'cookie' => 'PHPSESSID=o8tgj65s4cjppvburqm7ueu9j7',
  'connection' => 'keep-alive',
  'dnt' => '1',
  'accept-encoding' => 'gzip, deflate',
  'accept-language' => 'zh-CN,zh;q=0.8,zh-TW;q=0.7,zh-HK;q=0.5,en-US;q=0.3,en;q=0.2',
  'accept' => 'text/html,application/xhtml+xml,application/xml;q=0.9,*/*;q=0.8',
  'user-agent' => 'Mozilla/5.0 (Windows NT 10.0; Win64; x64; rv:64.0) Gecko/20100101 Firefox/64.0',
  'host' => 'www.yanglaoya.com',
  'content-length' => '',
  'content-type' => '',
)
[ info ] [ PARAM ] array (
)
---------------------------------------------------------------
[ 2019-01-17T17:28:59+08:00 ] 127.0.0.1 GET www.yanglaoya.com/
[运行时间：0.066266s] [吞吐率：15.09req/s] [内存消耗：1,691.34kb] [文件加载：74]
[ info ] [ LANG ] D:\phpStudy\WWW\yanglaoya\thinkphp\lang\zh-cn.php
[ info ] [ BIND ] 'index'
[ info ] [ ROUTE ] array (
  'rule' => '',
  'route' => 'index/Error/index',
  'option' => 
  array (
    'merge_rule_regex' => false,
  ),
  'var' => 
  array (
  ),
)
[ info ] [ HEADER ] array (
  'cache-control' => 'max-age=0',
  'upgrade-insecure-requests' => '1',
  'cookie' => 'PHPSESSID=o8tgj65s4cjppvburqm7ueu9j7',
  'connection' => 'keep-alive',
  'dnt' => '1',
  'accept-encoding' => 'gzip, deflate',
  'accept-language' => 'zh-CN,zh;q=0.8,zh-TW;q=0.7,zh-HK;q=0.5,en-US;q=0.3,en;q=0.2',
  'accept' => 'text/html,application/xhtml+xml,application/xml;q=0.9,*/*;q=0.8',
  'user-agent' => 'Mozilla/5.0 (Windows NT 10.0; Win64; x64; rv:64.0) Gecko/20100101 Firefox/64.0',
  'host' => 'www.yanglaoya.com',
  'content-length' => '',
  'content-type' => '',
)
[ info ] [ PARAM ] array (
)
---------------------------------------------------------------
[ 2019-01-17T17:29:00+08:00 ] 127.0.0.1 GET www.yanglaoya.com/
[运行时间：0.106463s] [吞吐率：9.39req/s] [内存消耗：1,691.34kb] [文件加载：74]
[ info ] [ LANG ] D:\phpStudy\WWW\yanglaoya\thinkphp\lang\zh-cn.php
[ info ] [ BIND ] 'index'
[ info ] [ ROUTE ] array (
  'rule' => '',
  'route' => 'index/Error/index',
  'option' => 
  array (
    'merge_rule_regex' => false,
  ),
  'var' => 
  array (
  ),
)
[ info ] [ HEADER ] array (
  'cache-control' => 'max-age=0',
  'upgrade-insecure-requests' => '1',
  'cookie' => 'PHPSESSID=o8tgj65s4cjppvburqm7ueu9j7',
  'connection' => 'keep-alive',
  'dnt' => '1',
  'accept-encoding' => 'gzip, deflate',
  'accept-language' => 'zh-CN,zh;q=0.8,zh-TW;q=0.7,zh-HK;q=0.5,en-US;q=0.3,en;q=0.2',
  'accept' => 'text/html,application/xhtml+xml,application/xml;q=0.9,*/*;q=0.8',
  'user-agent' => 'Mozilla/5.0 (Windows NT 10.0; Win64; x64; rv:64.0) Gecko/20100101 Firefox/64.0',
  'host' => 'www.yanglaoya.com',
  'content-length' => '',
  'content-type' => '',
)
[ info ] [ PARAM ] array (
)
---------------------------------------------------------------
[ 2019-01-17T17:34:13+08:00 ] 127.0.0.1 GET www.yanglaoya.com/
[运行时间：0.068017s] [吞吐率：14.70req/s] [内存消耗：1,691.34kb] [文件加载：74]
[ info ] [ LANG ] D:\phpStudy\WWW\yanglaoya\thinkphp\lang\zh-cn.php
[ info ] [ BIND ] 'index'
[ info ] [ ROUTE ] array (
  'rule' => '',
  'route' => 'index/Error/index',
  'option' => 
  array (
    'merge_rule_regex' => false,
  ),
  'var' => 
  array (
  ),
)
[ info ] [ HEADER ] array (
  'cache-control' => 'max-age=0',
  'upgrade-insecure-requests' => '1',
  'cookie' => 'PHPSESSID=o8tgj65s4cjppvburqm7ueu9j7',
  'connection' => 'keep-alive',
  'dnt' => '1',
  'accept-encoding' => 'gzip, deflate',
  'accept-language' => 'zh-CN,zh;q=0.8,zh-TW;q=0.7,zh-HK;q=0.5,en-US;q=0.3,en;q=0.2',
  'accept' => 'text/html,application/xhtml+xml,application/xml;q=0.9,*/*;q=0.8',
  'user-agent' => 'Mozilla/5.0 (Windows NT 10.0; Win64; x64; rv:64.0) Gecko/20100101 Firefox/64.0',
  'host' => 'www.yanglaoya.com',
  'content-length' => '',
  'content-type' => '',
)
[ info ] [ PARAM ] array (
)
---------------------------------------------------------------
[ 2019-01-17T17:36:10+08:00 ] 127.0.0.1 GET www.yanglaoya.com/
[运行时间：0.046410s] [吞吐率：21.55req/s] [内存消耗：1,691.34kb] [文件加载：74]
[ info ] [ LANG ] D:\phpStudy\WWW\yanglaoya\thinkphp\lang\zh-cn.php
[ info ] [ BIND ] 'index'
[ info ] [ ROUTE ] array (
  'rule' => '',
  'route' => 'index/Error/index',
  'option' => 
  array (
    'merge_rule_regex' => false,
  ),
  'var' => 
  array (
  ),
)
[ info ] [ HEADER ] array (
  'cache-control' => 'max-age=0',
  'upgrade-insecure-requests' => '1',
  'cookie' => 'PHPSESSID=o8tgj65s4cjppvburqm7ueu9j7',
  'connection' => 'keep-alive',
  'dnt' => '1',
  'accept-encoding' => 'gzip, deflate',
  'accept-language' => 'zh-CN,zh;q=0.8,zh-TW;q=0.7,zh-HK;q=0.5,en-US;q=0.3,en;q=0.2',
  'accept' => 'text/html,application/xhtml+xml,application/xml;q=0.9,*/*;q=0.8',
  'user-agent' => 'Mozilla/5.0 (Windows NT 10.0; Win64; x64; rv:64.0) Gecko/20100101 Firefox/64.0',
  'host' => 'www.yanglaoya.com',
  'content-length' => '',
  'content-type' => '',
)
[ info ] [ PARAM ] array (
)
---------------------------------------------------------------
[ 2019-01-17T17:36:49+08:00 ] 127.0.0.1 GET www.yanglaoya.com/
[运行时间：0.088951s] [吞吐率：11.24req/s] [内存消耗：1,689.98kb] [文件加载：74]
[ info ] [ LANG ] D:\phpStudy\WWW\yanglaoya\thinkphp\lang\zh-cn.php
[ info ] [ BIND ] 'index'
[ info ] [ ROUTE ] array (
  'rule' => '',
  'route' => 'index',
  'option' => 
  array (
    'merge_rule_regex' => false,
    'complete_match' => true,
  ),
  'var' => 
  array (
  ),
)
[ info ] [ HEADER ] array (
  'cache-control' => 'max-age=0',
  'upgrade-insecure-requests' => '1',
  'cookie' => 'PHPSESSID=o8tgj65s4cjppvburqm7ueu9j7',
  'connection' => 'keep-alive',
  'dnt' => '1',
  'accept-encoding' => 'gzip, deflate',
  'accept-language' => 'zh-CN,zh;q=0.8,zh-TW;q=0.7,zh-HK;q=0.5,en-US;q=0.3,en;q=0.2',
  'accept' => 'text/html,application/xhtml+xml,application/xml;q=0.9,*/*;q=0.8',
  'user-agent' => 'Mozilla/5.0 (Windows NT 10.0; Win64; x64; rv:64.0) Gecko/20100101 Firefox/64.0',
  'host' => 'www.yanglaoya.com',
  'content-length' => '',
  'content-type' => '',
)
[ info ] [ PARAM ] array (
)
