---------------------------------------------------------------
[ 2019-03-06T10:27:36+08:00 ] 127.0.0.1 GET www.yanglaoya.com/
[运行时间：1.104328s] [吞吐率：0.91req/s] [内存消耗：1,690.51kb] [文件加载：74]
[ info ] [ LANG ] D:\phpStudy\WWW\yanglaoya\thinkphp\lang\zh-cn.php
[ info ] [ BIND ] 'index'
[ info ] [ ROUTE ] array (
  'rule' => '',
  'route' => 'index',
  'option' => 
  array (
    'merge_rule_regex' => false,
    'complete_match' => true,
  ),
  'var' => 
  array (
  ),
)
[ info ] [ HEADER ] array (
  'upgrade-insecure-requests' => '1',
  'connection' => 'keep-alive',
  'dnt' => '1',
  'accept-encoding' => 'gzip, deflate',
  'accept-language' => 'zh-CN,zh;q=0.8,zh-TW;q=0.7,zh-HK;q=0.5,en-US;q=0.3,en;q=0.2',
  'accept' => 'text/html,application/xhtml+xml,application/xml;q=0.9,image/webp,*/*;q=0.8',
  'user-agent' => 'Mozilla/5.0 (Windows NT 10.0; Win64; x64; rv:65.0) Gecko/20100101 Firefox/65.0',
  'host' => 'www.yanglaoya.com',
  'content-length' => '',
  'content-type' => '',
)
[ info ] [ PARAM ] array (
)
